<?xml version="1.0" encoding="UTF-8"?><testsuite errors="0" failures="1" name="realizar la compra de productos" skipped="0" tests="2" time="64.48" timestamp="2022-05-18 11:47:08"><testcase name="realizar la seleccion de productos"/><testcase name="validar producto seleccionado (carrito)"><failure message="Expected enabled element was not enabled" type="net.thucydides.core.webdriver.exceptions.ElementShouldBeEnabledException">Expected enabled element was not enabled</failure><system-err>Expected enabled element was not enabled&#13;
co.com.tcs.training.projectlinio.tasks.Cart.performAs(Cart.java:15)&#13;
co.com.tcs.training.projectlinio.stepdefinitions.ShoppingStepDefinitions.elUsuarioSeleccionaLaOpcionDelCarritoYEliminaElProducto(ShoppingStepDefinitions.java:66)&#13;
cucumber.runner.Runner.runPickle(Runner.java:80)&#13;
worker.org.gradle.process.internal.worker.GradleWorkerMain.run(GradleWorkerMain.java:69)&#13;
worker.org.gradle.process.internal.worker.GradleWorkerMain.main(GradleWorkerMain.java:74)&#13;
</system-err></testcase></testsuite>